e:\github\projectcity\projectcity\debug\vc140.pdb
e:\github\projectcity\projectcity\debug\vc140.idb
e:\github\projectcity\projectcity\debug\glewwrapper.obj
e:\github\projectcity\projectcity\debug\grid.obj
e:\github\projectcity\projectcity\debug\main.obj
e:\github\projectcity\projectcity\debug\map.obj
e:\github\projectcity\projectcity\debug\model.obj
e:\github\projectcity\projectcity\debug\planetile.obj
e:\github\projectcity\projectcity\debug\scene.obj
e:\github\projectcity\projectcity\debug\sdlwrapper.obj
e:\github\projectcity\projectcity\debug\shaderprogram.obj
e:\github\projectcity\debug\projectcity.ilk
e:\github\projectcity\debug\projectcity.exe
e:\github\projectcity\debug\projectcity.pdb
e:\github\projectcity\projectcity\debug\projectcity.tlog\cl.command.1.tlog
e:\github\projectcity\projectcity\debug\projectcity.tlog\cl.read.1.tlog
e:\github\projectcity\projectcity\debug\projectcity.tlog\cl.write.1.tlog
e:\github\projectcity\projectcity\debug\projectcity.tlog\link.command.1.tlog
e:\github\projectcity\projectcity\debug\projectcity.tlog\link.read.1.tlog
e:\github\projectcity\projectcity\debug\projectcity.tlog\link.write.1.tlog
